<?xml version="1.0" encoding="UTF-8"?>
<testng-results ignored="0" total="2" passed="2" failed="0" skipped="0">
  <reporter-output>
  </reporter-output>
  <suite started-at="2025-08-22T02:51:56 IST" name="Reelo Test Suite" finished-at="2025-08-22T02:52:23 IST" duration-ms="26654">
    <groups>
    </groups>
    <test started-at="2025-08-22T02:51:56 IST" name="Reelo Automation Tests" finished-at="2025-08-22T02:52:23 IST" duration-ms="26654">
      <class name="testcases.CampaignTest">
        <test-method is-config="true" signature="setup()[pri:0, instance:testcases.CampaignTest@15043a2f]" started-at="2025-08-22T02:52:04 IST" name="setup" finished-at="2025-08-22T02:52:07 IST" duration-ms="3019" status="PASS">
          <reporter-output>
          </reporter-output>
        </test-method> <!-- setup -->
        <test-method is-config="true" signature="loginOnce()[pri:0, instance:testcases.CampaignTest@15043a2f]" started-at="2025-08-22T02:52:07 IST" name="loginOnce" finished-at="2025-08-22T02:52:08 IST" duration-ms="415" status="PASS">
          <reporter-output>
          </reporter-output>
        </test-method> <!-- loginOnce -->
        <test-method signature="testCampaignCreation()[pri:1, instance:testcases.CampaignTest@15043a2f]" started-at="2025-08-22T02:52:08 IST" name="testCampaignCreation" finished-at="2025-08-22T02:52:22 IST" duration-ms="14844" status="PASS">
          <reporter-output>
          </reporter-output>
        </test-method> <!-- testCampaignCreation -->
        <test-method is-config="true" signature="tearDown()[pri:0, instance:testcases.CampaignTest@15043a2f]" started-at="2025-08-22T02:52:22 IST" name="tearDown" finished-at="2025-08-22T02:52:23 IST" duration-ms="484" status="PASS">
          <reporter-output>
          </reporter-output>
        </test-method> <!-- tearDown -->
      </class> <!-- testcases.CampaignTest -->
      <class name="testcases.CreateAccount">
        <test-method is-config="true" signature="setup()[pri:0, instance:testcases.CreateAccount@2af004b]" started-at="2025-08-22T02:51:56 IST" name="setup" finished-at="2025-08-22T02:52:02 IST" duration-ms="5252" status="PASS">
          <reporter-output>
          </reporter-output>
        </test-method> <!-- setup -->
        <test-method signature="testAccountCreation()[pri:0, instance:testcases.CreateAccount@2af004b]" started-at="2025-08-22T02:52:02 IST" name="testAccountCreation" finished-at="2025-08-22T02:52:04 IST" duration-ms="2189" status="PASS">
          <reporter-output>
          </reporter-output>
        </test-method> <!-- testAccountCreation -->
        <test-method is-config="true" signature="tearDown()[pri:0, instance:testcases.CreateAccount@2af004b]" started-at="2025-08-22T02:52:04 IST" name="tearDown" finished-at="2025-08-22T02:52:04 IST" duration-ms="397" status="PASS">
          <reporter-output>
          </reporter-output>
        </test-method> <!-- tearDown -->
      </class> <!-- testcases.CreateAccount -->
    </test> <!-- Reelo Automation Tests -->
  </suite> <!-- Reelo Test Suite -->
</testng-results>
